<?xml version="1.0" encoding="UTF-8"?>
<testsuites>
    <testsuite name="force.apex" timestamp="2019-11-06T15:35:54+03:00" hostname="https://cats-inna-dev-ed.my.salesforce.com" tests="1" failures="1"  errors="0"  time="0.5">
        <properties>
            <property name="outcome" value="Failed"/>
            <property name="testsRan" value="1"/>
            <property name="passing" value="0"/>
            <property name="failing" value="1"/>
            <property name="skipped" value="0"/>
            <property name="passRate" value="0%"/>
            <property name="failRate" value="100%"/>
            <property name="testStartTime" value="Nov 6, 2019 3:35 PM"/>
            <property name="testExecutionTime" value="0.5 s"/>
            <property name="testTotalTime" value="0.5 s"/>
            <property name="commandTime" value="3.99 s"/>
            <property name="hostname" value="https://cats-inna-dev-ed.my.salesforce.com"/>
            <property name="orgId" value="00D2p0000013mwyEAA"/>
            <property name="username" value="inna.stolyarova@vrp.dev.comnsulting.com"/>
            <property name="testRunId" value="7072p00007JZTJd"/>
            <property name="userId" value="0052p000009LlzYAAS"/>
            <property name="testRunCoverage" value="77%"/>
            <property name="orgWideCoverage" value="29%"/>
        </properties>
        <testcase name="addOpportunityTest" classname="TestCopyOrders" time="0.5">
            <failure message="System.DmlException: Insert failed. First exception on row 0; first error: REQUIRED_FIELD_MISSING, Required fields are missing: [Discount_Percent__c]: [Discount_Percent__c]"><![CDATA[Class.TestOpportunityFactory.addOpportunity: line 23, column 1
Class.TestCopyOrders.addOpportunityTest: line 7, column 1]]></failure>
        </testcase>
    </testsuite>
</testsuites>
